[35m[1mConsolidate compiler generated dependencies of target cartesian_planner[0m
[ 50%] [32mBuilding CXX object CMakeFiles/cartesian_planner.dir/src/cartesian_planner.cpp.o[0m
In file included from [01m[K/home/kaushal/kaushal/moveit_ws/install/moveit_core/include/moveit/kinematics_base/kinematics_base.h:42[m[K,
                 from [01m[K/home/kaushal/kaushal/moveit_ws/install/moveit_core/include/moveit/robot_model/joint_model_group.h:42[m[K,
                 from [01m[K/home/kaushal/kaushal/moveit_ws/install/moveit_core/include/moveit/robot_model/robot_model.h:45[m[K,
                 from [01m[K/home/kaushal/kaushal/moveit_ws/src/cartesian_motion/src/cartesian_planner.cpp:6[m[K:
[01m[K/home/kaushal/kaushal/moveit_ws/src/cartesian_motion/src/cartesian_planner.cpp:[m[K In function â€˜[01m[Kvoid setAvgCartesianSpeed(moveit_msgs::msg::RobotTrajectory&, std::string, double, moveit::core::RobotStatePtr)[m[Kâ€™:
[01m[K/home/kaushal/kaushal/moveit_ws/src/cartesian_motion/src/cartesian_planner.cpp:61:13:[m[K [01;31m[Kerror: [m[Kstatic assertion failed: First argument to logging macros must be an rclcpp::Logger
   61 |             [01;31m[KRCLCPP_WARN[m[K("setAvgCartesianSpeed", "Average speed is too fast. Moving as fast as joint constraints allow.");
      |             [01;31m[K^~~~~~~~~~~[m[K
In file included from [01m[K/opt/ros/humble/include/rclcpp/rclcpp/logging.hpp:24[m[K,
                 from [01m[K/home/kaushal/kaushal/moveit_ws/install/moveit_core/include/moveit/kinematics_base/kinematics_base.h:42[m[K,
                 from [01m[K/home/kaushal/kaushal/moveit_ws/install/moveit_core/include/moveit/robot_model/joint_model_group.h:42[m[K,
                 from [01m[K/home/kaushal/kaushal/moveit_ws/install/moveit_core/include/moveit/robot_model/robot_model.h:45[m[K,
                 from [01m[K/home/kaushal/kaushal/moveit_ws/src/cartesian_motion/src/cartesian_planner.cpp:6[m[K:
[01m[K/home/kaushal/kaushal/moveit_ws/src/cartesian_motion/src/cartesian_planner.cpp:61:13:[m[K [01;31m[Kerror: [m[Krequest for member â€˜[01m[Kget_name[m[Kâ€™ in â€˜[01m[K("setAvgCartesianSpeed")[m[Kâ€™, which is of non-class type â€˜[01m[Kconst char [21][m[Kâ€™
   61 |             [01;31m[KRCLCPP_WARN[m[K("setAvgCartesianSpeed", "Average speed is too fast. Moving as fast as joint constraints allow.");
      |             [01;31m[K^~~~~~~~~~~[m[K
[01m[K/home/kaushal/kaushal/moveit_ws/src/cartesian_motion/src/cartesian_planner.cpp:61:13:[m[K [01;31m[Kerror: [m[Krequest for member â€˜[01m[Kget_name[m[Kâ€™ in â€˜[01m[K("setAvgCartesianSpeed")[m[Kâ€™, which is of non-class type â€˜[01m[Kconst char [21][m[Kâ€™
   61 |             [01;31m[KRCLCPP_WARN[m[K("setAvgCartesianSpeed", "Average speed is too fast. Moving as fast as joint constraints allow.");
      |             [01;31m[K^~~~~~~~~~~[m[K
[01m[K/home/kaushal/kaushal/moveit_ws/src/cartesian_motion/src/cartesian_planner.cpp:87:26:[m[K [01;35m[Kwarning: [m[Kcomparison of integer expressions of different signedness: â€˜[01m[Kint[m[Kâ€™ and â€˜[01m[Kstd::vector<std::__cxx11::basic_string<char> >::size_type[m[Kâ€™ {aka â€˜[01m[Klong unsigned int[m[Kâ€™} [[01;35m[K]8;;https://gcc.gnu.org/onlinedocs/gcc/Warning-Options.html#index-Wsign-compare-Wsign-compare]8;;[m[K]
   87 |         for(int j = 0; [01;35m[Kj < joint_names.size()[m[K; j++)     //loop through all joints in waypoint
      |                        [01;35m[K~~^~~~~~~~~~~~~~~~~~~~[m[K
gmake[2]: *** [CMakeFiles/cartesian_planner.dir/build.make:76: CMakeFiles/cartesian_planner.dir/src/cartesian_planner.cpp.o] Error 1
gmake[1]: *** [CMakeFiles/Makefile2:137: CMakeFiles/cartesian_planner.dir/all] Error 2
gmake: *** [Makefile:146: all] Error 2
