In file included from [01m[K/opt/ros/humble/include/rclcpp/rclcpp/logging.hpp:24[m[K,
                 from [01m[K/opt/ros/humble/include/rclcpp/rclcpp/client.hpp:40[m[K,
                 from [01m[K/opt/ros/humble/include/rclcpp/rclcpp/callback_group.hpp:24[m[K,
                 from [01m[K/opt/ros/humble/include/rclcpp/rclcpp/any_executable.hpp:20[m[K,
                 from [01m[K/opt/ros/humble/include/rclcpp/rclcpp/memory_strategy.hpp:25[m[K,
                 from [01m[K/opt/ros/humble/include/rclcpp/rclcpp/memory_strategies.hpp:18[m[K,
                 from [01m[K/opt/ros/humble/include/rclcpp/rclcpp/executor_options.hpp:20[m[K,
                 from [01m[K/opt/ros/humble/include/rclcpp/rclcpp/executor.hpp:37[m[K,
                 from [01m[K/opt/ros/humble/include/rclcpp/rclcpp/executors/multi_threaded_executor.hpp:25[m[K,
                 from [01m[K/opt/ros/humble/include/rclcpp/rclcpp/executors.hpp:21[m[K,
                 from [01m[K/opt/ros/humble/include/rclcpp/rclcpp/rclcpp.hpp:155[m[K,
                 from [01m[K/home/kaushal/kaushal/moveit_ws/src/hello_moveit/src/hello_moveit/src/lifted_arm_test.cpp:3[m[K:
[01m[K/home/kaushal/kaushal/moveit_ws/src/hello_moveit/src/hello_moveit/src/lifted_arm_test.cpp:[m[K In function â€˜[01m[Kint main(int, char**)[m[Kâ€™:
[01m[K/home/kaushal/kaushal/moveit_ws/src/hello_moveit/src/hello_moveit/src/lifted_arm_test.cpp:27:44:[m[K [01;31m[Kerror: [m[Kinvalid operands of types â€˜[01m[Kconst char [20][m[Kâ€™ and â€˜[01m[Kconst char*[m[Kâ€™ to binary â€˜[01m[Koperator+[m[Kâ€™
   27 |   RCLCPP_INFO(logger, [32m[K"End Effector name: "[m[K[01;31m[K+[m[K[34m[Kend_effector_name.c_str()[m[K);
      |                       [32m[K~~~~~~~~~~~~~~~~~~~~~[m[K[01;31m[K^[m[K[34m[K~~~~~~~~~~~~~~~~~~~~~~~~~[m[K
      |                       [32m[K|[m[K                                            [34m[K|[m[K
      |                       [32m[Kconst char [20][m[K                              [34m[Kconst char*[m[K
gmake[2]: *** [CMakeFiles/lifted_arm_test.dir/build.make:76: CMakeFiles/lifted_arm_test.dir/src/lifted_arm_test.cpp.o] Error 1
gmake[1]: *** [CMakeFiles/Makefile2:193: CMakeFiles/lifted_arm_test.dir/all] Error 2
gmake: *** [Makefile:146: all] Error 2
