-- Found ament_cmake: 1.3.11 (/opt/ros/humble/share/ament_cmake/cmake)
-- Found moveit_ros_planning_interface: 2.5.9 (/home/kaushal/kaushal/moveit_ws/install/moveit_ros_planning_interface/share/moveit_ros_planning_interface/cmake)
-- Found Boost: /usr/lib/x86_64-linux-gnu/cmake/Boost-1.74.0/BoostConfig.cmake (found version "1.74.0") found components: date_time filesystem program_options system thread 
-- Found rosidl_generator_c: 3.1.6 (/opt/ros/humble/share/rosidl_generator_c/cmake)
-- Found rosidl_adapter: 3.1.6 (/opt/ros/humble/share/rosidl_adapter/cmake)
-- Found rosidl_generator_cpp: 3.1.6 (/opt/ros/humble/share/rosidl_generator_cpp/cmake)
-- Using all available rosidl_typesupport_c: rosidl_typesupport_fastrtps_c;rosidl_typesupport_introspection_c
-- Using all available rosidl_typesupport_cpp: rosidl_typesupport_fastrtps_cpp;rosidl_typesupport_introspection_cpp
-- Found Boost: /usr/lib/x86_64-linux-gnu/cmake/Boost-1.74.0/BoostConfig.cmake (found version "1.74.0") found components: chrono date_time filesystem iostreams program_options regex serialization system thread 
-- Found parameter_traits: 0.5.0 (/opt/ros/humble/share/parameter_traits/cmake)
-- Found rmw_implementation_cmake: 6.1.2 (/opt/ros/humble/share/rmw_implementation_cmake/cmake)
-- Found rmw_fastrtps_cpp: 6.2.7 (/opt/ros/humble/share/rmw_fastrtps_cpp/cmake)
-- Using RMW implementation 'rmw_fastrtps_cpp' as default
-- Found rclcpp_lifecycle: 16.0.12 (/opt/ros/humble/share/rclcpp_lifecycle/cmake)
-- Found Boost: /usr/lib/x86_64-linux-gnu/cmake/Boost-1.74.0/BoostConfig.cmake (found version "1.74.0") found components: filesystem 
-- library: /usr/lib/x86_64-linux-gnu/libcurl.so
-- Ensuring Eigen3 include directory is part of orocos-kdl CMake target
-- Found Boost: /usr/lib/x86_64-linux-gnu/cmake/Boost-1.74.0/BoostConfig.cmake (found version "1.74.0") found components: system filesystem date_time program_options thread chrono 
-- Found Boost: /usr/lib/x86_64-linux-gnu/cmake/Boost-1.74.0/BoostConfig.cmake (found version "1.74.0") found components: thread system filesystem regex date_time program_options 
-- Found Boost: /usr/lib/x86_64-linux-gnu/cmake/Boost-1.74.0/BoostConfig.cmake (found version "1.74.0") found components: system filesystem date_time program_options thread 
-- Found ament_lint_auto: 0.12.12 (/opt/ros/humble/share/ament_lint_auto/cmake)
-- Added test 'cppcheck' to perform static code analysis on C / C++ code
-- Configured cppcheck include dirs: 
-- Configured cppcheck exclude dirs and/or files: 
-- Added test 'lint_cmake' to check CMake code style
-- Added test 'uncrustify' to check C / C++ code style
-- Configured uncrustify additional arguments: 
-- Added test 'xmllint' to check XML markup files
-- Configuring done
-- Generating done
-- Build files have been written to: /home/kaushal/kaushal/moveit_ws/build/cartesian_motion
[35m[1mConsolidate compiler generated dependencies of target cartesian_planner[0m
[ 50%] [32mBuilding CXX object CMakeFiles/cartesian_planner.dir/src/cartesian_planner.cpp.o[0m
[01m[K/home/kaushal/kaushal/moveit_ws/src/cartesian_motion/src/cartesian_planner.cpp:8:120:[m[K [01;31m[Kerror: [m[Kâ€˜[01m[Krobot_model[m[Kâ€™ has not been declared
    8 | msg::RobotTrajectory &traj, const std::string end_effector, const double speed, [01;31m[Krobot_model[m[K::RobotModelConstPtr &robot_model)
      |                                                                                 [01;31m[K^~~~~~~~~~~[m[K

[01m[K/home/kaushal/kaushal/moveit_ws/src/cartesian_motion/src/cartesian_planner.cpp:8:152:[m[K [01;31m[Kerror: [m[Kexpected â€˜[01m[K,[m[Kâ€™ or â€˜[01m[K...[m[Kâ€™ before â€˜[01m[K&[m[Kâ€™ token
    8 | t std::string end_effector, const double speed, robot_model::RobotModelConstPtr [01;31m[K&[m[Krobot_model)
      |                                                                                 [01;31m[K^[m[K

[01m[K/home/kaushal/kaushal/moveit_ws/src/cartesian_motion/src/cartesian_planner.cpp:[m[K In function â€˜[01m[Kvoid setAvgCartesianSpeed(moveit_msgs::msg::RobotTrajectory&, std::string, double, int)[m[Kâ€™:
[01m[K/home/kaushal/kaushal/moveit_ws/src/cartesian_motion/src/cartesian_planner.cpp:13:5:[m[K [01;31m[Kerror: [m[Kâ€˜[01m[Krobot_state[m[Kâ€™ has not been declared
   13 |     [01;31m[Krobot_state[m[K::RobotStatePtr kinematic_state(new robot_state::RobotState(robot_model));
      |     [01;31m[K^~~~~~~~~~~[m[K
[01m[K/home/kaushal/kaushal/moveit_ws/src/cartesian_motion/src/cartesian_planner.cpp:14:5:[m[K [01;31m[Kerror: [m[Kâ€˜[01m[Kkinematic_state[m[Kâ€™ was not declared in this scope; did you mean â€˜[01m[Kkinematics[m[Kâ€™?
   14 |     [01;31m[Kkinematic_state[m[K->setToDefaultValues();
      |     [01;31m[K^~~~~~~~~~~~~~~[m[K
      |     [32m[Kkinematics[m[K
[01m[K/home/kaushal/kaushal/moveit_ws/src/cartesian_motion/src/cartesian_planner.cpp:27:22:[m[K [01;31m[Kerror: [m[Kâ€˜[01m[KJointTrajectoryPoint[m[Kâ€™ is not a member of â€˜[01m[Ktrajectory_msgs[m[Kâ€™; did you mean â€˜[01m[Ktrajectory_msgs::msg::JointTrajectoryPoint[m[Kâ€™?
   27 |     trajectory_msgs::[01;31m[KJointTrajectoryPoint[m[K *prev_waypoint, *curr_waypoint, *next_waypoint;
      |                      [01;31m[K^~~~~~~~~~~~~~~~~~~~[m[K
In file included from [01m[K/opt/ros/humble/include/trajectory_msgs/trajectory_msgs/msg/detail/joint_trajectory__struct.hpp:22[m[K,
                 from [01m[K/opt/ros/humble/include/trajectory_msgs/trajectory_msgs/msg/joint_trajectory.hpp:7[m[K,
                 from [01m[K/home/kaushal/kaushal/moveit_ws/install/moveit_core/include/moveit/robot_state/attached_body.h:43[m[K,
                 from [01m[K/home/kaushal/kaushal/moveit_ws/install/moveit_core/include/moveit/robot_state/robot_state.h:41[m[K,
                 from [01m[K/home/kaushal/kaushal/moveit_ws/install/moveit_ros_planning_interface/include/moveit/move_group_interface/move_group_interface.h:41[m[K,
                 from [01m[K/home/kaushal/kaushal/moveit_ws/src/cartesian_motion/src/cartesian_planner.cpp:6[m[K:
[01m[K/opt/ros/humble/include/trajectory_msgs/trajectory_msgs/msg/detail/joint_trajectory_point__struct.hpp:167:7:[m[K [01;36m[Knote: [m[Kâ€˜[01m[Ktrajectory_msgs::msg::JointTrajectoryPoint[m[Kâ€™ declared here
  167 | using [01;36m[KJointTrajectoryPoint[m[K =
      |       [01;36m[K^~~~~~~~~~~~~~~~~~~~[m[K
[01m[K/home/kaushal/kaushal/moveit_ws/src/cartesian_motion/src/cartesian_planner.cpp:27:44:[m[K [01;31m[Kerror: [m[Kâ€˜[01m[Kprev_waypoint[m[Kâ€™ was not declared in this scope
   27 |     trajectory_msgs::JointTrajectoryPoint *[01;31m[Kprev_waypoint[m[K, *curr_waypoint, *next_waypoint;
      |                                            [01;31m[K^~~~~~~~~~~~~[m[K
[01m[K/home/kaushal/kaushal/moveit_ws/src/cartesian_motion/src/cartesian_planner.cpp:27:60:[m[K [01;31m[Kerror: [m[Kâ€˜[01m[Kcurr_waypoint[m[Kâ€™ was not declared in this scope; did you mean â€˜[01m[Knum_waypoints[m[Kâ€™?
   27 |     trajectory_msgs::JointTrajectoryPoint *prev_waypoint, *[01;31m[Kcurr_waypoint[m[K, *next_waypoint;
      |                                                            [01;31m[K^~~~~~~~~~~~~[m[K
      |                                                            [32m[Knum_waypoints[m[K
[01m[K/home/kaushal/kaushal/moveit_ws/src/cartesian_motion/src/cartesian_planner.cpp:27:76:[m[K [01;31m[Kerror: [m[Kâ€˜[01m[Knext_waypoint[m[Kâ€™ was not declared in this scope; did you mean â€˜[01m[Knum_waypoints[m[Kâ€™?
   27 |     trajectory_msgs::JointTrajectoryPoint *prev_waypoint, *curr_waypoint, *[01;31m[Knext_waypoint[m[K;
      |                                                                            [01;31m[K^~~~~~~~~~~~~[m[K
      |                                                                            [32m[Knum_waypoints[m[K
[01m[K/home/kaushal/kaushal/moveit_ws/src/cartesian_motion/src/cartesian_planner.cpp:63:26:[m[K [01;31m[Kerror: [m[Kâ€˜[01m[Kplan[m[Kâ€™ was not declared in this scope
   63 |         curr_waypoint = &[01;31m[Kplan[m[K.trajectory_.joint_trajectory.points.at(i);            //set current, previous & next waypoints
      |                          [01;31m[K^~~~[m[K
[01m[K/home/kaushal/kaushal/moveit_ws/src/cartesian_motion/src/cartesian_planner.cpp:79:26:[m[K [01;35m[Kwarning: [m[Kcomparison of integer expressions of different signedness: â€˜[01m[Kint[m[Kâ€™ and â€˜[01m[Kstd::vector<std::__cxx11::basic_string<char> >::size_type[m[Kâ€™ {aka â€˜[01m[Klong unsigned int[m[Kâ€™} [[01;35m[K]8;;https://gcc.gnu.org/onlinedocs/gcc/Warning-Options.html#index-Wsign-compare-Wsign-compare]8;;[m[K]
   79 |         for(int j = 0; [01;35m[Kj < joint_names.size()[m[K; j++)     //loop through all joints in waypoint
      |                        [01;35m[K~~^~~~~~~~~~~~~~~~~~~~[m[K
[01m[K/home/kaushal/kaushal/moveit_ws/src/cartesian_motion/src/cartesian_planner.cpp:8:133:[m[K [01;35m[Kwarning: [m[Kunused parameter â€˜[01m[KRobotModelConstPtr[m[Kâ€™ [[01;35m[K]8;;https://gcc.gnu.org/onlinedocs/gcc/Warning-Options.html#index-Wunused-parameter-Wunused-parameter]8;;[m[K]
    8 | jectory &traj, const std::string end_effector, const double speed, [01;35m[Krobot_model::RobotModelConstPtr[m[K &robot_model)
      |                                                                    [01;35m[K~~~~~~~~~~~~~^~~~~~~~~~~~~~~~~~[m[K

[01m[K/home/kaushal/kaushal/moveit_ws/src/cartesian_motion/src/cartesian_planner.cpp:[m[K In function â€˜[01m[Kint main(int, char**)[m[Kâ€™:
[01m[K/home/kaushal/kaushal/moveit_ws/src/cartesian_motion/src/cartesian_planner.cpp:139:50:[m[K [01;31m[Kerror: [m[Kâ€˜[01m[Kmoveit::planning_interface::MoveGroup[m[Kâ€™ has not been declared
  139 |   auto robot_model = moveit::planning_interface::[01;31m[KMoveGroup[m[K::getRobotModel();
      |                                                  [01;31m[K^~~~~~~~~[m[K
gmake[2]: *** [CMakeFiles/cartesian_planner.dir/build.make:76: CMakeFiles/cartesian_planner.dir/src/cartesian_planner.cpp.o] Error 1
gmake[1]: *** [CMakeFiles/Makefile2:137: CMakeFiles/cartesian_planner.dir/all] Error 2
gmake: *** [Makefile:146: all] Error 2
