[35m[1mConsolidate compiler generated dependencies of target cartesian_planner[0m
[ 50%] [32mBuilding CXX object CMakeFiles/cartesian_planner.dir/src/cartesian_planner.cpp.o[0m
[01m[K/home/kaushal/kaushal/moveit_ws/src/cartesian_motion/src/cartesian_planner.cpp:[m[K In function â€˜[01m[Kint main(int, char**)[m[Kâ€™:
[01m[K/home/kaushal/kaushal/moveit_ws/src/cartesian_motion/src/cartesian_planner.cpp:144:3:[m[K [01;31m[Kerror: [m[Kâ€˜[01m[Krobot_state[m[Kâ€™ has not been declared
  144 |   [01;31m[Krobot_state[m[K::RobotStatePtr kinematic_state(new robot_state::RobotState(move_group_interface.getRobotModel();  ));
      |   [01;31m[K^~~~~~~~~~~[m[K
[01m[K/home/kaushal/kaushal/moveit_ws/src/cartesian_motion/src/cartesian_planner.cpp:144:113:[m[K [01;31m[Kerror: [m[Kexpected primary-expression before â€˜[01m[K)[m[Kâ€™ token
  144 | ePtr kinematic_state(new robot_state::RobotState(move_group_interface.getRobotModel();  [01;31m[K)[m[K);
      |                                                                                         [01;31m[K^[m[K

gmake[2]: *** [CMakeFiles/cartesian_planner.dir/build.make:76: CMakeFiles/cartesian_planner.dir/src/cartesian_planner.cpp.o] Error 1
gmake[1]: *** [CMakeFiles/Makefile2:137: CMakeFiles/cartesian_planner.dir/all] Error 2
gmake: *** [Makefile:146: all] Error 2
