[35m[1mConsolidate compiler generated dependencies of target cartesian_waypoints[0m
[ 50%] Built target hello_moveit
[ 75%] [32mBuilding CXX object CMakeFiles/cartesian_waypoints.dir/src/cartesian_waypoints.cpp.o[0m
[01m[K/home/kaushal/kaushal/moveit_ws/src/hello_moveit/src/hello_moveit/src/cartesian_waypoints.cpp:[m[K In function â€˜[01m[Kint main(int, char**)[m[Kâ€™:
[01m[K/home/kaushal/kaushal/moveit_ws/src/hello_moveit/src/hello_moveit/src/cartesian_waypoints.cpp:51:3:[m[K [01;31m[Kerror: [m[Kexpected â€˜[01m[K,[m[Kâ€™ or â€˜[01m[K;[m[Kâ€™ before â€˜[01m[Kmoveit[m[Kâ€™
   51 |   [01;31m[Kmoveit[m[K::core::RobotState start_state(*move_group_interface.getCurrentState());
      |   [01;31m[K^~~~~~[m[K
[01m[K/home/kaushal/kaushal/moveit_ws/src/hello_moveit/src/hello_moveit/src/cartesian_waypoints.cpp:57:3:[m[K [01;31m[Kerror: [m[Kâ€˜[01m[Kstart_state[m[Kâ€™ was not declared in this scope; did you mean â€˜[01m[Ksetstate[m[Kâ€™?
   57 |   [01;31m[Kstart_state[m[K.setFromIK(jmg, new_start_pose);
      |   [01;31m[K^~~~~~~~~~~[m[K
      |   [32m[Ksetstate[m[K
gmake[2]: *** [CMakeFiles/cartesian_waypoints.dir/build.make:76: CMakeFiles/cartesian_waypoints.dir/src/cartesian_waypoints.cpp.o] Error 1
gmake[1]: *** [CMakeFiles/Makefile2:165: CMakeFiles/cartesian_waypoints.dir/all] Error 2
gmake: *** [Makefile:146: all] Error 2
